<?xml version="1.0" encoding="UTF-8"?>
<!-- Generated by org.testng.reporters.JUnitXMLReporter -->
<testsuite ignored="3" hostname="LAPTOP-3H72KH3U" failures="0" tests="1" name="Default test" time="184.739" errors="0" timestamp="2020-12-22T00:56:37 IST">
  <testcase classname="dqp.qa.testcases.CreateMeasureTest" name="verifyMesureData" time="159.894"/>
  <testcase classname="dqp.qa.testcases.CreateMeasureTest" name="verifyMeasureTab" time="0.0">
    <ignored/>
  </testcase> <!-- verifyMeasureTab -->
  <testcase classname="dqp.qa.testcases.CreateMeasureTest" name="verifyMesureType" time="0.0">
    <ignored/>
  </testcase> <!-- verifyMesureType -->
  <testcase classname="dqp.qa.testcases.CreateMeasureTest" name="verifyCreateMeasure" time="0.0">
    <ignored/>
  </testcase> <!-- verifyCreateMeasure -->
</testsuite> <!-- Default test -->
