<?xml version="1.0" encoding="UTF-8"?>
<testng-results ignored="3" total="4" passed="1" failed="0" skipped="0">
  <reporter-output>
  </reporter-output>
  <suite started-at="2020-12-22T00:53:32 IST" name="Default suite" finished-at="2020-12-22T00:56:37 IST" duration-ms="184739">
    <groups>
    </groups>
    <test started-at="2020-12-22T00:53:32 IST" name="Default test" finished-at="2020-12-22T00:56:37 IST" duration-ms="184739">
      <class name="dqp.qa.testcases.CreateMeasureTest">
        <test-method is-config="true" signature="setup()[pri:0, instance:dqp.qa.testcases.CreateMeasureTest@353d0772]" started-at="2020-12-22T00:53:33 IST" name="setup" finished-at="2020-12-22T00:53:56 IST" duration-ms="23908" status="PASS">
          <reporter-output>
          </reporter-output>
        </test-method> <!-- setup -->
        <test-method signature="verifyMesureData()[pri:1, instance:dqp.qa.testcases.CreateMeasureTest@353d0772]" started-at="2020-12-22T00:53:56 IST" name="verifyMesureData" finished-at="2020-12-22T00:56:36 IST" duration-ms="159894" status="PASS">
          <reporter-output>
          </reporter-output>
        </test-method> <!-- verifyMesureData -->
        <test-method is-config="true" signature="closeBrowser()[pri:0, instance:dqp.qa.testcases.CreateMeasureTest@353d0772]" started-at="2020-12-22T00:56:36 IST" name="closeBrowser" finished-at="2020-12-22T00:56:37 IST" duration-ms="827" status="PASS">
          <reporter-output>
          </reporter-output>
        </test-method> <!-- closeBrowser -->
      </class> <!-- dqp.qa.testcases.CreateMeasureTest -->
    </test> <!-- Default test -->
  </suite> <!-- Default suite -->
</testng-results>
